<?xml version="1.0" encoding="UTF-8"?>
<!-- Generated by org.testng.reporters.JUnitReportReporter -->
<testsuite skipped="0" hostname="Mayank-Rock" name="udda.loginWeb" tests="5" failures="0" timestamp="2020-08-16T16:17:55 IST" time="0.011" errors="0">
  <testcase name="login1" time="0.006" classname="udda.loginWeb"/>
  <system-out/>
  <testcase name="login2" time="0.001" classname="udda.loginWeb"/>
  <system-out/>
  <testcase name="login3" time="0.001" classname="udda.loginWeb"/>
  <system-out/>
  <testcase name="login4" time="0.002" classname="udda.loginWeb"/>
  <system-out/>
  <testcase name="logoutAll" time="0.001" classname="udda.loginWeb"/>
  <system-out/>
</testsuite> <!-- udda.loginWeb -->
